<?xml version="1.0" encoding="UTF-8"?>
<testng-results ignored="0" total="1" passed="1" failed="0" skipped="0">
  <reporter-output>
  </reporter-output>
  <suite started-at="2023-12-06T12:33:16Z" name="Default suite" finished-at="2023-12-06T12:34:20Z" duration-ms="63398">
    <groups>
    </groups>
    <test started-at="2023-12-06T12:33:16Z" name="Default test" finished-at="2023-12-06T12:34:20Z" duration-ms="63398">
      <class name="tests.Test_001">
        <test-method is-config="true" signature="setData()[pri:0, instance:tests.Test_001@5340477f]" started-at="2023-12-06T12:33:16Z" name="setData" finished-at="2023-12-06T12:33:16Z" duration-ms="14" status="PASS">
          <reporter-output>
          </reporter-output>
        </test-method> <!-- setData -->
        <test-method is-config="true" signature="setUp()[pri:0, instance:tests.Test_001@5340477f]" started-at="2023-12-06T12:33:18Z" name="setUp" finished-at="2023-12-06T12:34:11Z" duration-ms="53360" status="PASS">
          <reporter-output>
          </reporter-output>
        </test-method> <!-- setUp -->
        <test-method signature="purchase([Ljava.lang.String;)[pri:0, instance:tests.Test_001@5340477f]" started-at="2023-12-06T12:34:11Z" name="purchase" data-provider="Logindata" finished-at="2023-12-06T12:34:19Z" duration-ms="7959" status="PASS">
          <params>
            <param index="0">
              <value>
                <![CDATA[[Ljava.lang.String;@37ad042b]]>
              </value>
            </param>
          </params>
          <reporter-output>
          </reporter-output>
        </test-method> <!-- purchase -->
        <test-method is-config="true" signature="quit()[pri:0, instance:tests.Test_001@5340477f]" started-at="2023-12-06T12:34:19Z" name="quit" finished-at="2023-12-06T12:34:20Z" duration-ms="753" status="PASS">
          <reporter-output>
          </reporter-output>
        </test-method> <!-- quit -->
      </class> <!-- tests.Test_001 -->
    </test> <!-- Default test -->
  </suite> <!-- Default suite -->
</testng-results>
