<?xml version="1.0" encoding="UTF-8"?>
<testng-results ignored="0" total="1" passed="1" failed="0" skipped="0">
  <reporter-output>
  </reporter-output>
  <suite started-at="2023-12-09T00:35:17Z" name="Default suite" finished-at="2023-12-09T00:36:25Z" duration-ms="68339">
    <groups>
    </groups>
    <test started-at="2023-12-09T00:35:17Z" name="Default test" finished-at="2023-12-09T00:36:25Z" duration-ms="68339">
      <class name="tests.Test_001">
        <test-method is-config="true" signature="setData()[pri:0, instance:tests.Test_001@5340477f]" started-at="2023-12-09T00:35:17Z" name="setData" finished-at="2023-12-09T00:35:17Z" duration-ms="34" status="PASS">
          <reporter-output>
          </reporter-output>
        </test-method> <!-- setData -->
        <test-method is-config="true" signature="setUp()[pri:0, instance:tests.Test_001@5340477f]" started-at="2023-12-09T00:35:19Z" name="setUp" finished-at="2023-12-09T00:36:16Z" duration-ms="56864" status="PASS">
          <reporter-output>
          </reporter-output>
        </test-method> <!-- setUp -->
        <test-method signature="purchase([Ljava.lang.String;)[pri:0, instance:tests.Test_001@5340477f]" started-at="2023-12-09T00:36:16Z" name="purchase" data-provider="Logindata" finished-at="2023-12-09T00:36:24Z" duration-ms="8280" status="PASS">
          <params>
            <param index="0">
              <value>
                <![CDATA[[Ljava.lang.String;@ffd4cba]]>
              </value>
            </param>
          </params>
          <reporter-output>
          </reporter-output>
        </test-method> <!-- purchase -->
        <test-method is-config="true" signature="quit()[pri:0, instance:tests.Test_001@5340477f]" started-at="2023-12-09T00:36:24Z" name="quit" finished-at="2023-12-09T00:36:25Z" duration-ms="874" status="PASS">
          <reporter-output>
          </reporter-output>
        </test-method> <!-- quit -->
      </class> <!-- tests.Test_001 -->
    </test> <!-- Default test -->
  </suite> <!-- Default suite -->
</testng-results>
